AndroidStudioStudy/1-TheFirstCode/12_MaterialDesign/1_Material/app/build/intermediates/manifest_merge_blame_file/debug/manifest-merger-blame-debug-report.txt
1<?xml version="1.0" encoding="utf-8"?>
2<manifest xmlns:android="http://schemas.android.com/apk/res/android"
3    package="com.bo.a1_material"
4    android:versionCode="1"
5    android:versionName="1.0" >
6
7    <uses-sdk
8        android:minSdkVersion="21"
8-->src\main\AndroidManifest.xml
9        android:targetSdkVersion="30" />
9-->src\main\AndroidManifest.xml
10
11    <application
11-->src\main\AndroidManifest.xml:5:5-29:19
12        android:allowBackup="true"
12-->src\main\AndroidManifest.xml:6:9-35
13        android:appComponentFactory="androidx.core.app.CoreComponentFactory"
13-->[androidx.core:core:1.3.2] AndroidManifest.xml:24:18-86
14        android:debuggable="true"
15        android:icon="@mipmap/ic_launcher"
15-->src\main\AndroidManifest.xml:7:9-43
16        android:label="@string/app_name"
16-->src\main\AndroidManifest.xml:8:9-41
17        android:roundIcon="@mipmap/ic_launcher_round"
17-->src\main\AndroidManifest.xml:9:9-54
18        android:supportsRtl="true"
18-->src\main\AndroidManifest.xml:10:9-35
19        android:testOnly="true"
20        android:theme="@style/Theme.1_Material" >
20-->src\main\AndroidManifest.xml:11:9-48
21        <activity
21-->src\main\AndroidManifest.xml:12:9-22:20
22            android:name="com.bo.a1_material.MainActivity"
22-->src\main\AndroidManifest.xml:13:13-41
23            android:exported="true"
23-->src\main\AndroidManifest.xml:14:13-36
24            android:label="Fruits" >
24-->src\main\AndroidManifest.xml:15:13-35
25
26            <!-- android:label="Fruits"指定标签 -->
27            <intent-filter>
27-->src\main\AndroidManifest.xml:17:13-21:29
28                <action android:name="android.intent.action.MAIN" />
28-->src\main\AndroidManifest.xml:18:17-69
28-->src\main\AndroidManifest.xml:18:25-66
29
30                <category android:name="android.intent.category.LAUNCHER" />
30-->src\main\AndroidManifest.xml:20:17-77
30-->src\main\AndroidManifest.xml:20:27-74
31            </intent-filter>
32        </activity>
33        <activity
33-->src\main\AndroidManifest.xml:23:9-28:20
34            android:name="com.bo.a1_material.FruitActivity"
34-->src\main\AndroidManifest.xml:24:13-42
35            android:exported="true"
35-->src\main\AndroidManifest.xml:25:13-36
36            android:theme="@style/FruitActivityTheme" >
36-->src\main\AndroidManifest.xml:26:13-54
37
38            <!-- 设置FruitActivity的主题 -->
39        </activity>
40    </application>
41
42</manifest>